# JRE version: OpenJDK Runtime Environment (22.0.1+8) (build 22.0.1+8-16)
# Java VM: OpenJDK 64-Bit Server VM (22.0.1+8-16, mixed mode, sharing, tiered, compressed oops, compressed class ptrs, g1 gc, windows-amd64)
GC Precious Log:
 CardTable entry size: 512
 Card Set container configuration: InlinePtr #cards 4 size 8 Array Of Cards #cards 16 size 48 Howl #buckets 8 coarsen threshold 3686 Howl Bitmap #cards 512 size 80 coarsen threshold 460 Card regions per heap region 1 cards per card region 4096
 CPUs: 16 total, 16 available
 Memory: 15741M
 Large Page Support: Disabled
 NUMA Support: Disabled
 Compressed Oops: Enabled (Zero based)
 Heap Region Size: 2M
 Heap Min Capacity: 8M
 Heap Initial Capacity: 246M
 Heap Max Capacity: 3936M
 Pre-touch: Disabled
 Parallel Workers: 13
 Concurrent Workers: 3
 Concurrent Refinement Workers: 13
 Periodic GC: Disabled
Heap:
 garbage-first heap   total reserved 4030464K, committed 79872K, used 48189K [0x000000070a000000, 0x0000000800000000)
  region size 2048K, 12 young (24576K), 3 survivors (6144K)
 Metaspace       used 67537K, committed 68288K, reserved 1114112K
  class space    used 9255K, committed 9600K, reserved 1048576K
GC Heap History (20 events):
Event: 2.959 GC heap before
{Heap before GC invocations=2 (full 0):
 garbage-first heap   total reserved 4030464K, committed 251904K, used 57394K [0x000000070a000000, 0x0000000800000000)
  region size 2048K, 26 young (53248K), 2 survivors (4096K)
 Metaspace       used 21241K, committed 21504K, reserved 1114112K
  class space    used 2547K, committed 2688K, reserved 1048576K
}
Event: 2.966 GC heap after
{Heap after GC invocations=3 (full 0):
 garbage-first heap   total reserved 4030464K, committed 251904K, used 13961K [0x000000070a000000, 0x0000000800000000)
  region size 2048K, 4 young (8192K), 4 survivors (8192K)
 Metaspace       used 21241K, committed 21504K, reserved 1114112K
  class space    used 2547K, committed 2688K, reserved 1048576K
}
Event: 4.193 GC heap before
{Heap before GC invocations=4 (full 0):
 garbage-first heap   total reserved 4030464K, committed 55296K, used 52873K [0x000000070a000000, 0x0000000800000000)
  region size 2048K, 23 young (47104K), 4 survivors (8192K)
 Metaspace       used 27451K, committed 27904K, reserved 1114112K
  class space    used 3464K, committed 3648K, reserved 1048576K
}
Event: 4.205 GC heap after
{Heap after GC invocations=5 (full 0):
 garbage-first heap   total reserved 4030464K, committed 65536K, used 17661K [0x000000070a000000, 0x0000000800000000)
  region size 2048K, 5 young (10240K), 5 survivors (10240K)
 Metaspace       used 27451K, committed 27904K, reserved 1114112K
  class space    used 3464K, committed 3648K, reserved 1048576K
}
Event: 4.915 GC heap before
{Heap before GC invocations=5 (full 0):
 garbage-first heap   total reserved 4030464K, committed 65536K, used 46333K [0x000000070a000000, 0x0000000800000000)
  region size 2048K, 19 young (38912K), 5 survivors (10240K)
 Metaspace       used 32245K, committed 32704K, reserved 1114112K
  class space    used 4066K, committed 4288K, reserved 1048576K
}
Event: 4.922 GC heap after
{Heap after GC invocations=6 (full 0):
 garbage-first heap   total reserved 4030464K, committed 65536K, used 19869K [0x000000070a000000, 0x0000000800000000)
  region size 2048K, 2 young (4096K), 2 survivors (4096K)
 Metaspace       used 32245K, committed 32704K, reserved 1114112K
  class space    used 4066K, committed 4288K, reserved 1048576K
}
Event: 5.199 GC heap before
{Heap before GC invocations=6 (full 0):
 garbage-first heap   total reserved 4030464K, committed 65536K, used 32157K [0x000000070a000000, 0x0000000800000000)
  region size 2048K, 9 young (18432K), 2 survivors (4096K)
 Metaspace       used 35449K, committed 35968K, reserved 1114112K
  class space    used 4593K, committed 4800K, reserved 1048576K
}
Event: 5.202 GC heap after
{Heap after GC invocations=7 (full 0):
 garbage-first heap   total reserved 4030464K, committed 65536K, used 19954K [0x000000070a000000, 0x0000000800000000)
  region size 2048K, 2 young (4096K), 2 survivors (4096K)
 Metaspace       used 35449K, committed 35968K, reserved 1114112K
  class space    used 4593K, committed 4800K, reserved 1048576K
}
Event: 6.273 GC heap before
{Heap before GC invocations=8 (full 0):
 garbage-first heap   total reserved 4030464K, committed 65536K, used 50674K [0x000000070a000000, 0x0000000800000000)
  region size 2048K, 18 young (36864K), 2 survivors (4096K)
 Metaspace       used 45571K, committed 46080K, reserved 1114112K
  class space    used 6011K, committed 6208K, reserved 1048576K
}
Event: 6.277 GC heap after
{Heap after GC invocations=9 (full 0):
 garbage-first heap   total reserved 4030464K, committed 65536K, used 22177K [0x000000070a000000, 0x0000000800000000)
  region size 2048K, 3 young (6144K), 3 survivors (6144K)
 Metaspace       used 45571K, committed 46080K, reserved 1114112K
  class space    used 6011K, committed 6208K, reserved 1048576K
}
Event: 7.008 GC heap before
{Heap before GC invocations=9 (full 0):
 garbage-first heap   total reserved 4030464K, committed 65536K, used 50849K [0x000000070a000000, 0x0000000800000000)
  region size 2048K, 17 young (34816K), 3 survivors (6144K)
 Metaspace       used 51446K, committed 52032K, reserved 1114112K
  class space    used 6939K, committed 7168K, reserved 1048576K
}
Event: 7.017 GC heap after
{Heap after GC invocations=10 (full 0):
 garbage-first heap   total reserved 4030464K, committed 65536K, used 24034K [0x000000070a000000, 0x0000000800000000)
  region size 2048K, 3 young (6144K), 3 survivors (6144K)
 Metaspace       used 51446K, committed 52032K, reserved 1114112K
  class space    used 6939K, committed 7168K, reserved 1048576K
}
Event: 7.487 GC heap before
{Heap before GC invocations=10 (full 0):
 garbage-first heap   total reserved 4030464K, committed 65536K, used 48610K [0x000000070a000000, 0x0000000800000000)
  region size 2048K, 16 young (32768K), 3 survivors (6144K)
 Metaspace       used 56193K, committed 56832K, reserved 1114112K
  class space    used 7708K, committed 8000K, reserved 1048576K
}
Event: 7.492 GC heap after
{Heap after GC invocations=11 (full 0):
 garbage-first heap   total reserved 4030464K, committed 65536K, used 26029K [0x000000070a000000, 0x0000000800000000)
  region size 2048K, 2 young (4096K), 2 survivors (4096K)
 Metaspace       used 56193K, committed 56832K, reserved 1114112K
  class space    used 7708K, committed 8000K, reserved 1048576K
}
Event: 7.879 GC heap before
{Heap before GC invocations=11 (full 0):
 garbage-first heap   total reserved 4030464K, committed 65536K, used 54701K [0x000000070a000000, 0x0000000800000000)
  region size 2048K, 16 young (32768K), 2 survivors (4096K)
 Metaspace       used 57869K, committed 58496K, reserved 1114112K
  class space    used 7962K, committed 8256K, reserved 1048576K
}
Event: 7.883 GC heap after
{Heap after GC invocations=12 (full 0):
 garbage-first heap   total reserved 4030464K, committed 79872K, used 27281K [0x000000070a000000, 0x0000000800000000)
  region size 2048K, 2 young (4096K), 2 survivors (4096K)
 Metaspace       used 57869K, committed 58496K, reserved 1114112K
  class space    used 7962K, committed 8256K, reserved 1048576K
}
Event: 8.213 GC heap before
{Heap before GC invocations=12 (full 0):
 garbage-first heap   total reserved 4030464K, committed 79872K, used 37521K [0x000000070a000000, 0x0000000800000000)
  region size 2048K, 9 young (18432K), 2 survivors (4096K)
 Metaspace       used 59569K, committed 60160K, reserved 1114112K
  class space    used 8132K, committed 8384K, reserved 1048576K
}
Event: 8.217 GC heap after
{Heap after GC invocations=13 (full 0):
 garbage-first heap   total reserved 4030464K, committed 79872K, used 28966K [0x000000070a000000, 0x0000000800000000)
  region size 2048K, 3 young (6144K), 3 survivors (6144K)
 Metaspace       used 59569K, committed 60160K, reserved 1114112K
  class space    used 8132K, committed 8384K, reserved 1048576K
}
Event: 9.489 GC heap before
{Heap before GC invocations=14 (full 0):
 garbage-first heap   total reserved 4030464K, committed 79872K, used 65830K [0x000000070a000000, 0x0000000800000000)
  region size 2048K, 21 young (43008K), 3 survivors (6144K)
 Metaspace       used 65311K, committed 65920K, reserved 1114112K
  class space    used 8956K, committed 9216K, reserved 1048576K
}
Event: 9.497 GC heap after
{Heap after GC invocations=15 (full 0):
 garbage-first heap   total reserved 4030464K, committed 79872K, used 31805K [0x000000070a000000, 0x0000000800000000)
  region size 2048K, 3 young (6144K), 3 survivors (6144K)
 Metaspace       used 65311K, committed 65920K, reserved 1114112K
  class space    used 8956K, committed 9216K, reserved 1048576K
}

